<?xml version="1.0" encoding="UTF-8"?>
<coverage generated="1640297713296" clover="3.2.0">
  <project timestamp="1640297713296" name="All files">
    <metrics statements="21" coveredstatements="21" conditionals="21" coveredconditionals="21" methods="4" coveredmethods="4" elements="46" coveredelements="46" complexity="0" loc="21" ncloc="21" packages="1" files="3" classes="3"/>
    <file name="index.js" path="/Users/sebastian/Repositories/cogsworth/embed-sdk-node/src/index.js">
      <metrics statements="8" coveredstatements="8" conditionals="4" coveredconditionals="4" methods="2" coveredmethods="2"/>
      <line num="6" count="6" type="cond" truecount="2" falsecount="0"/>
      <line num="7" count="1" type="stmt"/>
      <line num="10" count="5" type="cond" truecount="2" falsecount="0"/>
      <line num="11" count="1" type="stmt"/>
      <line num="14" count="4" type="stmt"/>
      <line num="15" count="4" type="stmt"/>
      <line num="19" count="5" type="stmt"/>
      <line num="21" count="1" type="stmt"/>
    </file>
    <file name="signature.js" path="/Users/sebastian/Repositories/cogsworth/embed-sdk-node/src/signature.js">
      <metrics statements="5" coveredstatements="5" conditionals="4" coveredconditionals="4" methods="1" coveredmethods="1"/>
      <line num="4" count="9" type="cond" truecount="2" falsecount="0"/>
      <line num="5" count="1" type="stmt"/>
      <line num="8" count="8" type="cond" truecount="2" falsecount="0"/>
      <line num="9" count="1" type="stmt"/>
      <line num="12" count="7" type="stmt"/>
    </file>
    <file name="validation.js" path="/Users/sebastian/Repositories/cogsworth/embed-sdk-node/src/validation.js">
      <metrics statements="8" coveredstatements="8" conditionals="13" coveredconditionals="13" methods="1" coveredmethods="1"/>
      <line num="2" count="10" type="cond" truecount="2" falsecount="0"/>
      <line num="3" count="2" type="stmt"/>
      <line num="5" count="8" type="cond" truecount="2" falsecount="0"/>
      <line num="6" count="2" type="stmt"/>
      <line num="8" count="6" type="cond" truecount="5" falsecount="0"/>
      <line num="9" count="3" type="stmt"/>
      <line num="13" count="3" type="cond" truecount="4" falsecount="0"/>
      <line num="14" count="1" type="stmt"/>
    </file>
  </project>
</coverage>
