TN:
SF:src/index.js
FN:5,(anonymous_0)
FN:18,(anonymous_1)
FNF:2
FNH:2
FNDA:6,(anonymous_0)
FNDA:5,(anonymous_1)
DA:6,6
DA:7,1
DA:10,5
DA:11,1
DA:14,4
DA:15,4
DA:19,5
DA:21,1
LF:8
LH:8
BRDA:6,0,0,1
BRDA:6,0,1,5
BRDA:10,1,0,1
BRDA:10,1,1,4
BRF:4
BRH:4
end_of_record
TN:
SF:src/signature.js
FN:3,signatureFor
FNF:1
FNH:1
FNDA:9,signatureFor
DA:4,9
DA:5,1
DA:8,8
DA:9,1
DA:12,7
LF:5
LH:5
BRDA:4,0,0,1
BRDA:4,0,1,8
BRDA:8,1,0,1
BRDA:8,1,1,7
BRF:4
BRH:4
end_of_record
TN:
SF:src/validation.js
FN:1,validateClientPayload
FNF:1
FNH:1
FNDA:10,validateClientPayload
DA:2,10
DA:3,2
DA:5,8
DA:6,2
DA:8,6
DA:9,3
DA:13,3
DA:14,1
LF:8
LH:8
BRDA:2,0,0,2
BRDA:2,0,1,8
BRDA:5,1,0,2
BRDA:5,1,1,6
BRDA:8,2,0,3
BRDA:8,2,1,3
BRDA:8,3,0,6
BRDA:8,3,1,5
BRDA:8,3,2,3
BRDA:13,4,0,1
BRDA:13,4,1,2
BRDA:13,5,0,3
BRDA:13,5,1,2
BRF:13
BRH:13
end_of_record
